Start testing: Nov 25 14:12 -05
----------------------------------------------------------
1/1 Testing: validation_test
1/1 Test: validation_test
Command: "/home/jlr/Desktop/CICLO6/Compiladores/compilers-project/build/tests/validation_test"
Directory: /home/jlr/Desktop/CICLO6/Compiladores/compilers-project/build/tests
"validation_test" start time: Nov 25 14:12 -05
Output:
----------------------------------------------------------
[==========] Running 10 tests from 10 test suites.
[----------] Global test environment set-up.
[----------] 1 test from SimpleTest
[ RUN      ] SimpleTest.basicTest
[       OK ] SimpleTest.basicTest (0 ms)
[----------] 1 test from SimpleTest (0 ms total)

[----------] 1 test from CommentTest
[ RUN      ] CommentTest.hasComments
[       OK ] CommentTest.hasComments (0 ms)
[----------] 1 test from CommentTest (0 ms total)

[----------] 1 test from ErrorTest
[ RUN      ] ErrorTest.basicTest
[       OK ] ErrorTest.basicTest (0 ms)
[----------] 1 test from ErrorTest (0 ms total)

[----------] 1 test from CommentTest2
[ RUN      ] CommentTest2.hasComments
[       OK ] CommentTest2.hasComments (0 ms)
[----------] 1 test from CommentTest2 (0 ms total)

[----------] 1 test from MyFunction
[ RUN      ] MyFunction.basicTest
[       OK ] MyFunction.basicTest (0 ms)
[----------] 1 test from MyFunction (0 ms total)

[----------] 1 test from MyVoid
[ RUN      ] MyVoid.basicTest
[       OK ] MyVoid.basicTest (0 ms)
[----------] 1 test from MyVoid (0 ms total)

[----------] 1 test from MyPoint
[ RUN      ] MyPoint.basicTest
[       OK ] MyPoint.basicTest (0 ms)
[----------] 1 test from MyPoint (0 ms total)

[----------] 1 test from MyLoop
[ RUN      ] MyLoop.basicTest
[       OK ] MyLoop.basicTest (0 ms)
[----------] 1 test from MyLoop (0 ms total)

[----------] 1 test from MyRecursive
[ RUN      ] MyRecursive.basicTest
[       OK ] MyRecursive.basicTest (0 ms)
[----------] 1 test from MyRecursive (0 ms total)

[----------] 1 test from MyConditional
[ RUN      ] MyConditional.basicTest
[       OK ] MyConditional.basicTest (0 ms)
[----------] 1 test from MyConditional (0 ms total)

[----------] Global test environment tear-down
[==========] 10 tests from 10 test suites ran. (0 ms total)
[  PASSED  ] 10 tests.
<end of output>
Test time =   0.00 sec
----------------------------------------------------------
Test Passed.
"validation_test" end time: Nov 25 14:12 -05
"validation_test" time elapsed: 00:00:00
----------------------------------------------------------

End testing: Nov 25 14:12 -05
